<?xml version="1.0" encoding="UTF-8"?>
<!-- Generated by org.testng.reporters.JUnitReportReporter -->
<testsuite hostname="ProSmart-PC" failures="0" tests="7" name="com.smart.test2.TestClass1" time="0.041" errors="0" timestamp="2023-04-15T15:13:40 EDT" skipped="0">
  <testcase classname="com.smart.test2.TestClass1" name="testMethod1" time="0.020"/>
  <system-out/>
  <testcase classname="com.smart.test2.TestClass1" name="testMethod3" time="0.002"/>
  <system-out/>
  <testcase classname="com.smart.test2.TestClass1" name="testMethod4" time="0.009"/>
  <system-out/>
  <testcase classname="com.smart.test2.TestClass1" name="testMethod6" time="0.002"/>
  <system-out/>
  <testcase classname="com.smart.test2.TestClass1" name="testMethod5" time="0.003"/>
  <system-out/>
  <testcase classname="com.smart.test2.TestClass1" name="testMethod2" time="0.003"/>
  <system-out/>
  <testcase classname="com.smart.test2.TestClass1" name="testMethod7" time="0.002"/>
  <system-out/>
</testsuite> <!-- com.smart.test2.TestClass1 -->
