<?xml version="1.0" encoding="UTF-8"?>
<!-- Generated by org.testng.reporters.JUnitReportReporter -->
<testsuite hostname="ProSmart-PC" failures="0" tests="4" name="com.smart.parallelTest.TestClass2" time="0.007" errors="0" timestamp="2023-04-16T11:25:03 EDT" skipped="0">
  <testcase classname="com.smart.parallelTest.TestClass2" name="testMethod5" time="0.002"/>
  <system-out/>
  <testcase classname="com.smart.parallelTest.TestClass2" name="testMethod6" time="0.001"/>
  <system-out/>
  <testcase classname="com.smart.parallelTest.TestClass2" name="testMethod7" time="0.002"/>
  <system-out/>
  <testcase classname="com.smart.parallelTest.TestClass2" name="testMethod8" time="0.002"/>
  <system-out/>
</testsuite> <!-- com.smart.parallelTest.TestClass2 -->
