<?xml version="1.0" encoding="UTF-8"?>
<!-- Generated by org.testng.reporters.JUnitReportReporter -->
<testsuite hostname="ProSmart-PC" failures="0" tests="4" name="com.smart.parallelTest.TestClass1" time="0.036" errors="0" timestamp="2023-04-16T11:25:03 EDT" skipped="0">
  <testcase classname="com.smart.parallelTest.TestClass1" name="testMethod4" time="0.009"/>
  <system-out/>
  <testcase classname="com.smart.parallelTest.TestClass1" name="testMethod3" time="0.005"/>
  <system-out/>
  <testcase classname="com.smart.parallelTest.TestClass1" name="testMethod1" time="0.018"/>
  <system-out/>
  <testcase classname="com.smart.parallelTest.TestClass1" name="testMethod2" time="0.004"/>
  <system-out/>
</testsuite> <!-- com.smart.parallelTest.TestClass1 -->
