<?xml version="1.0" encoding="UTF-8"?>
<!-- Generated by org.testng.reporters.JUnitReportReporter -->
<testsuite hostname="ProSmart-PC" failures="0" tests="2" name="com.smart.test.AnnotationTest" time="0.019" errors="0" timestamp="2023-04-15T12:36:00 EDT" skipped="0">
  <testcase classname="com.smart.test.AnnotationTest" name="testTwo" time="0.004"/>
  <system-out/>
  <testcase classname="com.smart.test.AnnotationTest" name="testOne" time="0.015"/>
  <system-out/>
</testsuite> <!-- com.smart.test.AnnotationTest -->
