<?xml version="1.0" encoding="UTF-8"?>
<!-- Generated by org.testng.reporters.JUnitReportReporter -->
<testsuite hostname="ProSmart-PC" failures="0" tests="2" name="com.smart.test.ParametersTesting" time="6.501" errors="0" timestamp="2023-04-15T14:13:33 EDT" skipped="0">
  <testcase classname="com.smart.test.ParametersTesting" name="launchApplication" time="4.165"/>
  <system-out/>
  <testcase classname="com.smart.test.ParametersTesting" name="verifyLogin" time="2.336"/>
  <system-out/>
</testsuite> <!-- com.smart.test.ParametersTesting -->
