<?xml version="1.0" encoding="UTF-8"?>
<!-- Generated by org.testng.reporters.JUnitReportReporter -->
<testsuite hostname="ProSmart-PC" failures="0" tests="1" name="Test1" time="0.026" errors="0" timestamp="2023-04-09T11:51:41 EDT" skipped="0">
  <testcase classname="Test1" name="loginTest" time="0.026"/>
  <system-out/>
</testsuite> <!-- Test1 -->
