<?xml version="1.0" encoding="UTF-8"?>
<!-- Generated by org.testng.reporters.JUnitReportReporter -->
<testsuite hostname="ProSmart-PC" failures="0" tests="5" name="com.smart.test.PriorityTest" time="14.121" errors="0" timestamp="2023-04-15T14:47:39 EDT" skipped="0">
  <testcase classname="com.smart.test.PriorityTest" name="launchApplication" time="9.196"/>
  <system-out/>
  <testcase classname="com.smart.test.PriorityTest" name="enterCredentials" time="1.996"/>
  <system-out/>
  <testcase classname="com.smart.test.PriorityTest" name="verifyLogin" time="0.494"/>
  <system-out/>
  <testcase classname="com.smart.test.PriorityTest" name="navigateToMyInfo" time="1.585"/>
  <system-out/>
  <testcase classname="com.smart.test.PriorityTest" name="verifyMyInfo" time="0.850"/>
  <system-out/>
</testsuite> <!-- com.smart.test.PriorityTest -->
