<?xml version="1.0" encoding="UTF-8"?>
<!-- Generated by org.testng.reporters.JUnitReportReporter -->
<testsuite hostname="ProSmart-PC" failures="0" tests="1" name="com.smart.test.FirstTest" time="18.048" errors="0" timestamp="2023-04-09T15:25:01 EDT" skipped="0">
  <testcase classname="com.smart.test.FirstTest" name="testGoogle" time="18.048"/>
  <system-out/>
</testsuite> <!-- com.smart.test.FirstTest -->
