<?xml version="1.0" encoding="UTF-8"?>
<!-- Generated by org.testng.reporters.JUnitReportReporter -->
<testsuite hostname="ProSmart-PC" failures="0" tests="1" name="com.smart.test.OrangeHRMTest2" time="2.220" errors="0" timestamp="2023-04-15T12:53:56 EDT" skipped="0">
  <testcase classname="com.smart.test.OrangeHRMTest2" name="verifyLogin" time="2.220"/>
  <system-out/>
</testsuite> <!-- com.smart.test.OrangeHRMTest2 -->
