<?xml version="1.0" encoding="UTF-8"?>
<!-- Generated by org.testng.reporters.JUnitReportReporter -->
<testsuite hostname="ProSmart-PC" failures="0" tests="3" name="com.smart.test.DataProviderTest" time="0.017" errors="0" timestamp="2023-04-16T15:33:49 EDT" skipped="0">
  <testcase classname="com.smart.test.DataProviderTest" name="testData_Provider" time="0.013"/>
  <system-out/>
  <testcase classname="com.smart.test.DataProviderTest" name="testData_Provider" time="0.002"/>
  <system-out/>
  <testcase classname="com.smart.test.DataProviderTest" name="testData_Provider" time="0.002"/>
  <system-out/>
</testsuite> <!-- com.smart.test.DataProviderTest -->
